<?xml version="1.0" encoding="UTF-8"?>
<testng-results skipped="0" failed="0" total="1" passed="1">
  <reporter-output>
  </reporter-output>
  <suite name="Default suite" duration-ms="55646" started-at="2014-11-04T15:40:45Z" finished-at="2014-11-04T15:41:41Z">
    <groups>
    </groups>
    <test name="Default test" duration-ms="55646" started-at="2014-11-04T15:40:45Z" finished-at="2014-11-04T15:41:41Z">
      <class name="framework.tests.AddPreferredTest">
        <test-method status="PASS" signature="createVariables()[pri:0, instance:framework.tests.AddPreferredTest@4e3dabe4]" name="createVariables" is-config="true" duration-ms="9190" started-at="2014-11-04T10:40:45Z" finished-at="2014-11-04T10:40:55Z">
          <reporter-output>
          </reporter-output>
        </test-method> <!-- createVariables -->
        <test-method status="PASS" signature="test()[pri:0, instance:framework.tests.AddPreferredTest@4e3dabe4]" name="test" duration-ms="32286" started-at="2014-11-04T10:40:55Z" finished-at="2014-11-04T10:41:27Z">
          <reporter-output>
          </reporter-output>
        </test-method> <!-- test -->
        <test-method status="PASS" signature="close()[pri:0, instance:framework.tests.AddPreferredTest@4e3dabe4]" name="close" is-config="true" duration-ms="13787" started-at="2014-11-04T10:41:27Z" finished-at="2014-11-04T10:41:41Z">
          <reporter-output>
          </reporter-output>
        </test-method> <!-- close -->
        <test-method status="PASS" signature="driverQuit()[pri:0, instance:framework.tests.AddPreferredTest@4e3dabe4]" name="driverQuit" is-config="true" duration-ms="370" started-at="2014-11-04T10:41:41Z" finished-at="2014-11-04T10:41:41Z">
          <reporter-output>
          </reporter-output>
        </test-method> <!-- driverQuit -->
      </class> <!-- framework.tests.AddPreferredTest -->
    </test> <!-- Default test -->
  </suite> <!-- Default suite -->
</testng-results>
